0 info it worked if it ends with ok
1 verbose cli [ '/Users/wmundy/.nvm/versions/node/v7.3.0/bin/node',
1 verbose cli   '/Users/wmundy/.nvm/versions/node/v7.3.0/bin/npm',
1 verbose cli   'start' ]
2 info using npm@3.10.10
3 info using node@v7.3.0
4 verbose run-script [ 'prestart', 'start', 'poststart' ]
5 info lifecycle RiceChaus@0.0.0~prestart: RiceChaus@0.0.0
6 silly lifecycle RiceChaus@0.0.0~prestart: no script for prestart, continuing
7 info lifecycle RiceChaus@0.0.0~start: RiceChaus@0.0.0
8 verbose lifecycle RiceChaus@0.0.0~start: unsafe-perm in lifecycle true
9 verbose lifecycle RiceChaus@0.0.0~start: PATH: /Users/wmundy/.nvm/versions/node/v7.3.0/lib/node_modules/npm/bin/node-gyp-bin:/Users/wmundy/Documents/OneDrive/Rice/RiceApps/chaus-backend/node_modules/.bin:/Users/wmundy/.rvm/gems/ruby-2.4.0/bin:/Users/wmundy/.rvm/gems/ruby-2.4.0@global/bin:/Users/wmundy/.rvm/rubies/ruby-2.4.0/bin:/Users/wmundy/.nvm/versions/node/v7.3.0/bin:/Users/wmundy/bin:/usr/local/bin:/usr/local/share/npm/bin:/usr/local/n/versions/node/9.2.1/bin/node:/usr/local/bin:/usr/bin:/bin:/usr/sbin:/sbin:/opt/X11/bin:/Users/wmundy/.rvm/bin:/usr/local/bin
10 verbose lifecycle RiceChaus@0.0.0~start: CWD: /Users/wmundy/Documents/OneDrive/Rice/RiceApps/chaus-backend
11 silly lifecycle RiceChaus@0.0.0~start: Args: [ '-c', 'node ./src/index.js' ]
12 silly lifecycle RiceChaus@0.0.0~start: Returned: code: 1  signal: null
13 info lifecycle RiceChaus@0.0.0~start: Failed to exec start script
14 verbose stack Error: RiceChaus@0.0.0 start: `node ./src/index.js`
14 verbose stack Exit status 1
14 verbose stack     at EventEmitter.<anonymous> (/Users/wmundy/.nvm/versions/node/v7.3.0/lib/node_modules/npm/lib/utils/lifecycle.js:255:16)
14 verbose stack     at emitTwo (events.js:106:13)
14 verbose stack     at EventEmitter.emit (events.js:191:7)
14 verbose stack     at ChildProcess.<anonymous> (/Users/wmundy/.nvm/versions/node/v7.3.0/lib/node_modules/npm/lib/utils/spawn.js:40:14)
14 verbose stack     at emitTwo (events.js:106:13)
14 verbose stack     at ChildProcess.emit (events.js:191:7)
14 verbose stack     at maybeClose (internal/child_process.js:885:16)
14 verbose stack     at Process.ChildProcess._handle.onexit (internal/child_process.js:226:5)
15 verbose pkgid RiceChaus@0.0.0
16 verbose cwd /Users/wmundy/Documents/OneDrive/Rice/RiceApps/chaus-backend
17 error Darwin 16.6.0
18 error argv "/Users/wmundy/.nvm/versions/node/v7.3.0/bin/node" "/Users/wmundy/.nvm/versions/node/v7.3.0/bin/npm" "start"
19 error node v7.3.0
20 error npm  v3.10.10
21 error code ELIFECYCLE
22 error RiceChaus@0.0.0 start: `node ./src/index.js`
22 error Exit status 1
23 error Failed at the RiceChaus@0.0.0 start script 'node ./src/index.js'.
23 error Make sure you have the latest version of node.js and npm installed.
23 error If you do, this is most likely a problem with the RiceChaus package,
23 error not with npm itself.
23 error Tell the author that this fails on your system:
23 error     node ./src/index.js
23 error You can get information on how to open an issue for this project with:
23 error     npm bugs RiceChaus
23 error Or if that isn't available, you can get their info via:
23 error     npm owner ls RiceChaus
23 error There is likely additional logging output above.
24 verbose exit [ 1, true ]
